
> appasoproaruzi@0.0.1 build
> astro build

[2m22:25:14[22m [34m[types][39m Generated [2m48ms[22m
[2m22:25:14[22m [34m[build][39m output: [34m"static"[39m
[2m22:25:14[22m [34m[build][39m mode: [34m"static"[39m
[2m22:25:14[22m [34m[build][39m directory: [34mC:\Users\heyde\OneDrive\Documentos\WEB\webAsoproaruzi\appAsoproaruzi\dist\[39m
[2m22:25:14[22m [34m[build][39m Collecting build info...
[2m22:25:14[22m [34m[build][39m [32mÔ£ô Completed in 125ms.[39m
[2m22:25:14[22m [34m[build][39m Building static entrypoints...
node.exe : 
[31m[1m22:25:16[22m 
[ERROR] [vite][39m 
[31mÔ£ù[39m Build 
failed in 1.04s
En línea: 1 Carácter: 1
+ & "C:\Program 
Files\nodejs/node.exe" 
"C:\Program 
Files\nodejs/node_mo 
...
+ ~~~~~~~~~~~~~~~~~~~~~
~~~~~~~~~~~~~~~~~~~~~~~
~~~~~~~~~~~~~~~~~~~~~~~
~~
    + CategoryInfo     
         : NotSpecifi  
  ed: ([31m[1m22:2   
 5:...failed in 1.0    
4s:String) [], Rem    
oteException
    + FullyQualifiedEr 
   rorId : NativeComm  
  andError
 
[vite]: Rollup failed 
to resolve import "@/la
youts/BaseLayout.astro"
 from "C:/Users/heyde/O
neDrive/Documentos/WEB/
webAsoproaruzi/appAsopr
oaruzi/src/pages/index.
astro".
This is most likely 
unintended because it 
can break your 
application at runtime.
If you do want to 
externalize this 
module explicitly add 
it to
`build.rollupOptions.ex
ternal`
  [1mStack trace:[22m
[2m    at viteLog (fil
e:///C:/Users/heyde/One
Drive/Documentos/WEB/we
bAsoproaruzi/appAsoproa
ruzi/node_modules/vite/
dist/node/chunks/config
.js:33635:57)
    at onLog (file:///C
:/Users/heyde/OneDrive/
Documentos/WEB/webAsopr
oaruzi/appAsoproaruzi/n
ode_modules/vite/dist/n
ode/chunks/config.js:33
467:4)
    at Object.logger 
[as onLog] (file:///C:/
Users/heyde/OneDrive/Do
cumentos/WEB/webAsoproa
ruzi/appAsoproaruzi/nod
e_modules/rollup/dist/e
s/shared/node-entry.js:
22968:9)
    at file:///C:/Users
/heyde/OneDrive/Documen
tos/WEB/webAsoproaruzi/
appAsoproaruzi/node_mod
ules/rollup/dist/es/sha
red/node-entry.js:21670
:26[22m
