node.exe : npm error code ERESOLVE
En línea: 1 Carácter: 1
+ & "C:\Program 
Files\nodejs/node.exe" "C:\Program 
Files\nodejs/node_mo ...
+ ~~~~~~~~~~~~~~~~~~~~~~~~~~~~~~~~~
~~~~~~~~~~~~~~~~~~~~~~~~~~~~~~~~~~~
~
    + CategoryInfo          : NotS 
   pecified: (npm error code ERES  
  OLVE:String) [], RemoteExcepti   
 on
    + FullyQualifiedErrorId : Nati 
   veCommandError
 
npm error ERESOLVE unable to 
resolve dependency tree
npm error
npm error While resolving: 
appasoproaruzi@0.0.1
npm error Found: astro@6.0.5
npm error node_modules/astro
npm error   astro@"^6.0.5" from 
the root project
npm error
npm error Could not resolve 
dependency:
npm error peer astro@"^3.0.0 || 
^4.0.0 || ^5.0.0" from 
@astrojs/tailwind@6.0.2
npm error 
node_modules/@astrojs/tailwind
npm error   
@astrojs/tailwind@"6.0.2" from the 
root project
npm error
npm error Fix the upstream 
dependency conflict, or retry
npm error this command with 
--force or --legacy-peer-deps
npm error to accept an incorrect 
(and potentially broken) 
dependency resolution.
npm error
npm error
npm error For a full report see:
npm error C:\Users\heyde\AppData\Lo
cal\npm-cache\_logs\2026-03-18T05_3
4_00_938Z-eresolve-report.txt
npm error A complete log of this 
run can be found in: C:\Users\heyde
\AppData\Local\npm-cache\_logs\2026
-03-18T05_34_00_938Z-debug-0.log
